<?xml version="1.0" encoding="UTF-8"?>
<testsuite xmlns:xsi="http://www.w3.org/2001/XMLSchema-instance" xsi:noNamespaceSchemaLocation="https://maven.apache.org/surefire/maven-surefire-plugin/xsd/surefire-test-report.xsd" version="3.0.2" name="com.lookgraph.DataWriteIntegrationTest" time="13.381" tests="2" errors="0" skipped="0" failures="0" flakes="0">
  <properties>
[...]
</properties>
  <testcase name="writeNeo4jTestData" classname="com.lookgraph.DataWriteIntegrationTest" time="6.766">
    <system-out><![CDATA[10:57:23.491 [main] INFO org.springframework.test.context.support.AnnotationConfigContextLoaderUtils -- Could not detect default configuration classes for test class [com.lookgraph.DataWriteIntegrationTest]: DataWriteIntegrationTest does not declare any static, non-private, non-final, nested classes annotated with @Configuration.
10:57:23.678 [main] INFO org.springframework.boot.test.context.SpringBootTestContextBootstrapper -- Found @SpringBootConfiguration com.lookgraph.LookGraphApplication for test class com.lookgraph.DataWriteIntegrationTest
10:57:23.766 [main] INFO org.springframework.test.context.support.AnnotationConfigContextLoaderUtils -- Could not detect default configuration classes for test class [com.lookgraph.DataWriteIntegrationTest]: DataWriteIntegrationTest does not declare any static, non-private, non-final, nested classes annotated with @Configuration.
10:57:23.772 [main] INFO org.springframework.boot.test.context.SpringBootTestContextBootstrapper -- Found @SpringBootConfiguration com.lookgraph.LookGraphApplication for test class com.lookgraph.DataWriteIntegrationTest

  .   ____          _            __ _ _
 /\\ / ___'_ __ _ _(_)_ __  __ _ \ \ \ \
( ( )\___ | '_ | '_| | '_ \/ _` | \ \ \ \
 \\/  ___)| |_)| | | | | || (_| |  ) ) ) )
  '  |____| .__|_| |_|_| |_\__, | / / / /
 =========|_|==============|___/=/_/_/_/

 :: Spring Boot ::                (v4.0.6)

2026-06-01T10:57:24.245+08:00  INFO 18822 --- [look-graph] [           main] com.lookgraph.DataWriteIntegrationTest   : Starting DataWriteIntegrationTest using Java 24.0.1 with PID 18822 (started by zhangyicheng in /Users/zhangyicheng/Desktop/lookGraph)
2026-06-01T10:57:24.248+08:00  INFO 18822 --- [look-graph] [           main] com.lookgraph.DataWriteIntegrationTest   : No active profile set, falling back to 1 default profile: "default"
2026-06-01T10:57:26.291+08:00  INFO 18822 --- [look-graph] [           main] .s.d.r.c.RepositoryConfigurationDelegate : Bootstrapping Spring Data Neo4j repositories in DEFAULT mode.
2026-06-01T10:57:26.446+08:00  INFO 18822 --- [look-graph] [           main] .s.d.r.c.RepositoryConfigurationDelegate : Finished Spring Data repository scanning in 138 ms. Found 0 Neo4j repository interfaces.
2026-06-01T10:57:26.462+08:00  INFO 18822 --- [look-graph] [           main] .s.d.r.c.RepositoryConfigurationDelegate : Bootstrapping Spring Data Neo4j repositories in DEFAULT mode.
2026-06-01T10:57:26.515+08:00  INFO 18822 --- [look-graph] [           main] .s.d.r.c.RepositoryConfigurationDelegate : Finished Spring Data repository scanning in 49 ms. Found 4 Neo4j repository interfaces.
2026-06-01T10:57:27.250+08:00  INFO 18822 --- [look-graph] [           main] o.neo4j.driver.internal.DriverFactory    : Driver instance 1533434416 created for server uri 'bolt://localhost:7687'
2026-06-01T10:57:29.077+08:00  INFO 18822 --- [look-graph] [           main] o.s.b.a.e.web.EndpointLinksResolver      : Exposing 2 endpoints beneath base path '/actuator'
2026-06-01T10:57:29.412+08:00  INFO 18822 --- [look-graph] [           main] com.lookgraph.DataWriteIntegrationTest   : Started DataWriteIntegrationTest in 5.564 seconds (process running for 7.545)
2026-06-01T10:57:30.890+08:00  WARN 18822 --- [look-graph] [           main] o.s.d.n.c.m.DefaultNeo4jIsNewStrategy    : Instances of class com.lookgraph.domain.node.ProjectNode with an assigned id will always be treated as new without version property
2026-06-01T10:57:32.153+08:00  WARN 18822 --- [look-graph] [           main] o.s.d.n.c.m.DefaultNeo4jIsNewStrategy    : Instances of class com.lookgraph.domain.node.ModuleNode with an assigned id will always be treated as new without version property
2026-06-01T10:57:32.874+08:00  WARN 18822 --- [look-graph] [           main] o.s.d.n.c.m.DefaultNeo4jIsNewStrategy    : Instances of class com.lookgraph.domain.node.ClassNode with an assigned id will always be treated as new without version property
2026-06-01T10:57:33.257+08:00  WARN 18822 --- [look-graph] [           main] o.s.d.n.c.m.DefaultNeo4jIsNewStrategy    : Instances of class com.lookgraph.domain.node.MethodNode with an assigned id will always be treated as new without version property
2026-06-01T10:57:33.987+08:00  WARN 18822 --- [look-graph] [           main] o.s.data.neo4j.cypher.unrecognized       : warn: relationship type does not exist. The relationship type `BELONGS_TO` does not exist in database `neo4j`. Verify that the spelling is correct. (01N51):
	MATCH (projectNode:`Project`) WHERE projectNode.projectId = $__id__ OPTIONAL MATCH (projectNode)<-[__sr__:`BELONGS_TO`]-(__srn__:`Module`) WITH collect(elementId(projectNode)) AS __sn__, collect(elementId(__srn__)) AS __srn__, collect(elementId(__sr__)) AS __sr__ RETURN __sn__, __srn__, __sr__
	                                                                                                          ^

2026-06-01T10:57:34.516+08:00  WARN 18822 --- [look-graph] [           main] o.s.data.neo4j.cypher.unrecognized       : warn: relationship type does not exist. The relationship type `IMPLEMENTS` does not exist in database `neo4j`. Verify that the spelling is correct. (01N51):
	MATCH (classNode:`Class`) WHERE elementId(classNode) IN $__ids__ OPTIONAL MATCH (classNode)-[__sr__:`IMPLEMENTS`]->(__srn__:`Class`) WITH collect(elementId(classNode)) AS __sn__, collect(elementId(__srn__)) AS __srn__, collect(elementId(__sr__)) AS __sr__ RETURN __sn__, __srn__, __sr__
	                                                                                                    ^

2026-06-01T10:57:34.587+08:00  WARN 18822 --- [look-graph] [           main] o.s.data.neo4j.cypher.unrecognized       : warn: relationship type does not exist. The relationship type `EXTENDS` does not exist in database `neo4j`. Verify that the spelling is correct. (01N51):
	MATCH (classNode:`Class`) WHERE elementId(classNode) IN $__ids__ OPTIONAL MATCH (classNode)-[__sr__:`EXTENDS`]->(__srn__:`Class`) WITH collect(elementId(classNode)) AS __sn__, collect(elementId(__srn__)) AS __srn__, collect(elementId(__sr__)) AS __sr__ RETURN __sn__, __srn__, __sr__
	                                                                                                    ^

2026-06-01T10:57:34.668+08:00  WARN 18822 --- [look-graph] [           main] o.s.data.neo4j.cypher.unrecognized       : warn: relationship type does not exist. The relationship type `BELONGS_TO` does not exist in database `neo4j`. Verify that the spelling is correct. (01N51):
	MATCH (classNode:`Class`) WHERE elementId(classNode) IN $__ids__ OPTIONAL MATCH (classNode)<-[__sr__:`BELONGS_TO`]-(__srn__:`Method`) WITH collect(elementId(classNode)) AS __sn__, collect(elementId(__srn__)) AS __srn__, collect(elementId(__sr__)) AS __sr__ RETURN __sn__, __srn__, __sr__
	                                                                                                     ^

2026-06-01T10:57:35.467+08:00  WARN 18822 --- [look-graph] [           main] o.s.data.neo4j.cypher.unrecognized       : warn: relationship type does not exist. The relationship type `IMPLEMENTS` does not exist in database `neo4j`. Verify that the spelling is correct. (01N51):
	MATCH (classNode:`Class`) WHERE classNode.classId = $__id__ OPTIONAL MATCH (classNode)-[__sr__:`IMPLEMENTS`]->(__srn__:`Class`) WITH collect(elementId(classNode)) AS __sn__, collect(elementId(__srn__)) AS __srn__, collect(elementId(__sr__)) AS __sr__ RETURN __sn__, __srn__, __sr__
	                                                                                               ^

2026-06-01T10:57:35.655+08:00  WARN 18822 --- [look-graph] [           main] o.s.data.neo4j.cypher.unrecognized       : warn: relationship type does not exist. The relationship type `EXTENDS` does not exist in database `neo4j`. Verify that the spelling is correct. (01N51):
	MATCH (classNode:`Class`) WHERE classNode.classId = $__id__ OPTIONAL MATCH (classNode)-[__sr__:`EXTENDS`]->(__srn__:`Class`) WITH collect(elementId(classNode)) AS __sn__, collect(elementId(__srn__)) AS __srn__, collect(elementId(__sr__)) AS __sr__ RETURN __sn__, __srn__, __sr__
	                                                                                               ^

2026-06-01T10:57:35.773+08:00  WARN 18822 --- [look-graph] [           main] o.s.data.neo4j.cypher.unrecognized       : warn: relationship type does not exist. The relationship type `BELONGS_TO` does not exist in database `neo4j`. Verify that the spelling is correct. (01N51):
	MATCH (classNode:`Class`) WHERE classNode.classId = $__id__ OPTIONAL MATCH (classNode)<-[__sr__:`BELONGS_TO`]-(__srn__:`Method`) WITH collect(elementId(classNode)) AS __sn__, collect(elementId(__srn__)) AS __srn__, collect(elementId(__sr__)) AS __sr__ RETURN __sn__, __srn__, __sr__
	                                                                                                ^

[Neo4j] 数据写入成功，共写入: 1 Project, 2 Module, 2 Class, 2 Method
]]></system-out>
    <system-err><![CDATA[Mockito is currently self-attaching to enable the inline-mock-maker. This will no longer work in future releases of the JDK. Please add Mockito as an agent to your build as described in Mockito's documentation: https://javadoc.io/doc/org.mockito/mockito-core/latest/org.mockito/org/mockito/Mockito.html#0.3
WARNING: A Java agent has been loaded dynamically (/Users/zhangyicheng/.m2/repository/net/bytebuddy/byte-buddy-agent/1.17.8/byte-buddy-agent-1.17.8.jar)
WARNING: If a serviceability tool is in use, please run with -XX:+EnableDynamicAgentLoading to hide this warning
WARNING: If a serviceability tool is not in use, please run with -Djdk.instrument.traceUsage for more information
WARNING: Dynamic loading of agents will be disallowed by default in a future release
]]></system-err>
  </testcase>
  <testcase name="writeChromaTestData" classname="com.lookgraph.DataWriteIntegrationTest" time="0.217">
    <system-out><![CDATA[[ChromaDB] 数据写入成功，query 返回 3 条结果
]]></system-out>
  </testcase>
</testsuite>